<?xml version="1.0" encoding="UTF-8"?>
<!-- Generated by org.testng.reporters.JUnitXMLReporter -->
<testsuite ignored="0" hostname="DESKTOP-0UU43QH" failures="0" tests="3" name="CrossBrowserTesting" time="19.971" errors="0" timestamp="2022-07-18T17:39:58 BOT">
  <testcase classname="TestSuite.CrossBrowse" name="Cross_browse_test" time="7.3"/>
  <testcase classname="TestSuite.CrossBrowse" name="Cross_browse_test" time="5.672"/>
  <testcase classname="TestSuite.CrossBrowse" name="Cross_browse_test" time="5.341"/>
</testsuite> <!-- CrossBrowserTesting -->
