<?xml version="1.0" encoding="UTF-8"?>
<!-- Generated by org.testng.reporters.JUnitXMLReporter -->
<testsuite ignored="9" hostname="DESKTOP-0UU43QH" failures="0" tests="2" name="Test" time="19.037" errors="0" timestamp="2022-07-18T20:14:36 BOT">
  <testcase classname="TestSuite.TestSuite" name="tc_10_cart_validation" time="9.936"/>
  <testcase classname="TestSuite.TestSuite" name="tc_11_cart_validation" time="4.285"/>
  <testcase classname="TestSuite.TestSuite" name="tc_02_validate_contactform" time="0.0">
    <ignored/>
  </testcase> <!-- tc_02_validate_contactform -->
  <testcase classname="TestSuite.TestSuite" name="tc_03_validate_contactform" time="0.0">
    <ignored/>
  </testcase> <!-- tc_03_validate_contactform -->
  <testcase classname="TestSuite.TestSuite" name="tc_06_validate_contactform" time="0.0">
    <ignored/>
  </testcase> <!-- tc_06_validate_contactform -->
  <testcase classname="TestSuite.TestSuite" name="tc_01_search_Products" time="0.0">
    <ignored/>
  </testcase> <!-- tc_01_search_Products -->
  <testcase classname="TestSuite.TestSuite" name="tc_04_validate_contactform" time="0.0">
    <ignored/>
  </testcase> <!-- tc_04_validate_contactform -->
  <testcase classname="TestSuite.TestSuite" name="tc_07_validate_contactform" time="0.0">
    <ignored/>
  </testcase> <!-- tc_07_validate_contactform -->
  <testcase classname="TestSuite.TestSuite" name="tc_09_cart_validation" time="0.0">
    <ignored/>
  </testcase> <!-- tc_09_cart_validation -->
  <testcase classname="TestSuite.TestSuite" name="tc_08_validate_contactform" time="0.0">
    <ignored/>
  </testcase> <!-- tc_08_validate_contactform -->
  <testcase classname="TestSuite.TestSuite" name="tc_05_validate_contactform" time="0.0">
    <ignored/>
  </testcase> <!-- tc_05_validate_contactform -->
</testsuite> <!-- Test -->
