<?xml version="1.0" encoding="UTF-8"?>
<!-- Generated by org.testng.reporters.JUnitXMLReporter -->
<testsuite ignored="1" hostname="DESKTOP-0UU43QH" failures="0" tests="1" name="Test" time="13.939" errors="0" timestamp="2022-07-17T11:59:29 BOT">
  <testcase classname="TestSuite.TestSuite" name="tc_02_validate_contactform" time="5.157"/>
  <testcase classname="TestSuite.TestSuite" name="tc_01_search_Products" time="0.0">
    <ignored/>
  </testcase> <!-- tc_01_search_Products -->
</testsuite> <!-- Test -->
