<?xml version="1.0" encoding="UTF-8"?>
<!-- Generated by org.testng.reporters.JUnitXMLReporter -->
<testsuite ignored="0" hostname="DESKTOP-0UU43QH" failures="0" tests="3" name="Default test" time="44.696" errors="0" timestamp="2022-07-17T10:51:52 BOT">
  <testcase classname="TestSuite.TestSuite" name="tc_01_search_Products" time="28.089"/>
  <testcase classname="TestSuite.TestSuite" name="tc_01_search_Products" time="4.764"/>
  <testcase classname="TestSuite.TestSuite" name="tc_02_validate_contactform" time="3.23"/>
</testsuite> <!-- Default test -->
