<?xml version="1.0" encoding="UTF-8"?>
<testng-results ignored="1" total="2" passed="1" failed="0" skipped="0">
  <reporter-output>
  </reporter-output>
  <suite started-at="2022-07-17T11:59:15 BOT" name="Suite" finished-at="2022-07-17T11:59:29 BOT" duration-ms="13939">
    <groups>
    </groups>
    <test started-at="2022-07-17T11:59:15 BOT" name="Test" finished-at="2022-07-17T11:59:29 BOT" duration-ms="13939">
      <class name="TestSuite.TestSuite">
        <test-method is-config="true" signature="setUp()[pri:0, instance:TestSuite.TestSuite@16d04d3d]" started-at="2022-07-17T11:59:15 BOT" name="setUp" finished-at="2022-07-17T11:59:22 BOT" duration-ms="7115" status="PASS">
          <reporter-output>
          </reporter-output>
        </test-method> <!-- setUp -->
        <test-method signature="tc_02_validate_contactform()[pri:0, instance:TestSuite.TestSuite@16d04d3d]" started-at="2022-07-17T11:59:23 BOT" name="tc_02_validate_contactform" finished-at="2022-07-17T11:59:28 BOT" duration-ms="5157" status="PASS">
          <reporter-output>
          </reporter-output>
        </test-method> <!-- tc_02_validate_contactform -->
        <test-method is-config="true" signature="end_test_suite()[pri:0, instance:TestSuite.TestSuite@16d04d3d]" started-at="2022-07-17T11:59:28 BOT" name="end_test_suite" finished-at="2022-07-17T11:59:29 BOT" duration-ms="1613" status="PASS">
          <reporter-output>
          </reporter-output>
        </test-method> <!-- end_test_suite -->
      </class> <!-- TestSuite.TestSuite -->
    </test> <!-- Test -->
  </suite> <!-- Suite -->
</testng-results>
